2026-06-17 09:14:02,131 [1] INFO  Ding.App.Startup - Application starting, version 4.2.1
2026-06-17 09:14:02,288 [1] DEBUG Ding.Config.Loader - Loaded 37 settings from appsettings.json
2026-06-17 09:14:02,540 [4] INFO  Ding.Data.ConnectionPool - Opened connection pool (min=5, max=50)
2026-06-17 09:14:03,012 [7] WARN  Ding.Data.QueryCache - Cache miss ratio high (62%); consider warming cache
2026-06-17 09:14:05,778 [9] INFO  Ding.Api.Gateway - Listening on https://0.0.0.0:8443
2026-06-17 09:15:11,204 [12] DEBUG Ding.Api.Auth - Token validated for user 4471 (scope=trading.read)
2026-06-17 09:15:11,990 [12] INFO  Ding.Trading.Orders - Order #889201 accepted (amount=120.00 EUR)
2026-06-17 09:15:13,447 [15] ERROR Ding.Trading.Settlement - Settlement failed for order #889201
System.TimeoutException: The operation has timed out after 30000ms.
   at Ding.Trading.Settlement.SettlementClient.PostAsync(SettlementRequest req)
   at Ding.Trading.Settlement.SettlementService.SettleAsync(Int64 orderId)
   at Ding.Trading.Orders.OrderProcessor.<HandleAsync>d__9.MoveNext()
2026-06-17 09:15:13,901 [15] WARN  Ding.Trading.Settlement - Scheduling retry 1/3 for order #889201 in 5s
2026-06-17 09:15:19,118 [16] INFO  Ding.Trading.Settlement - Retry succeeded for order #889201
2026-06-17 09:17:44,560 [21] DEBUG Ding.Api.Gateway - Health check OK (latency=4ms)
2026-06-17 09:21:08,733 [24] FATAL Ding.Data.ConnectionPool - Connection pool exhausted; rejecting requests
System.InvalidOperationException: Timeout expired. The timeout period elapsed prior to obtaining a connection from the pool.
   at Ding.Data.ConnectionPool.Rent()
2026-06-17 09:21:09,002 [24] ERROR Ding.Api.Gateway - Returning 503 to client 10.2.4.88
2026-06-17 09:22:30,415 [3] INFO  Ding.Data.ConnectionPool - Pool recovered, 12 connections available
2026-06-17 09:25:00,000 [1] INFO  Ding.Jobs.Reconciliation - Nightly reconciliation completed: 4,201 records, 0 mismatches
